2019-07-02 11:25:13,174 DEBUG [main] com.arondor.common.management.mbean.MBeanObjectHelper:81 - Building MBeanInfo : com.arondor.common.management.statistics.Statistics
2019-07-02 11:25:13,177 DEBUG [main] com.arondor.common.reflection.parser.java.JavaAccessibleClassParser:382 - Parsing accessible class : com.arondor.common.management.statistics.Statistics
2019-07-02 11:25:13,180 DEBUG [main] com.arondor.common.reflection.parser.java.JavaAccessibleClassParser:182 - Method : getInstance, return=com.arondor.common.management.statistics.Statistics (exposable=true), args=0, declaringClass=com.arondor.common.management.statistics.Statistics
2019-07-02 11:25:13,189 DEBUG [main] com.arondor.common.reflection.parser.java.JavaAccessibleClassParser:182 - Method : getRunningTimeStr, return=java.lang.String (exposable=true), args=0, declaringClass=com.arondor.common.management.statistics.Statistics
2019-07-02 11:25:13,190 DEBUG [main] com.arondor.common.reflection.parser.java.JavaAccessibleClassParser:344 - New exposed attribute (R) : runningTimeStr
2019-07-02 11:25:13,191 DEBUG [main] com.arondor.common.reflection.parser.java.JavaAccessibleClassParser:182 - Method : writeStatistics2CSV, return=void (exposable=true), args=1, declaringClass=com.arondor.common.management.statistics.Statistics
2019-07-02 11:25:13,193 DEBUG [main] com.arondor.common.reflection.parser.java.JavaAccessibleClassParser:182 - Method : getInstantSpeedNumber, return=int (exposable=true), args=0, declaringClass=com.arondor.common.management.statistics.Statistics
2019-07-02 11:25:13,194 DEBUG [main] com.arondor.common.reflection.parser.java.JavaAccessibleClassParser:344 - New exposed attribute (R) : instantSpeedNumber
2019-07-02 11:25:13,194 DEBUG [main] com.arondor.common.reflection.parser.java.JavaAccessibleClassParser:182 - Method : setInstantSpeedNumber, return=void (exposable=true), args=1, declaringClass=com.arondor.common.management.statistics.Statistics
2019-07-02 11:25:13,194 DEBUG [main] com.arondor.common.reflection.parser.java.JavaAccessibleClassParser:264 - Setting field instantSpeedNumber : type=int
2019-07-02 11:25:13,194 DEBUG [main] com.arondor.common.reflection.parser.java.JavaAccessibleClassParser:283 - Setting field instantSpeedNumber : genericTypes=[]
2019-07-02 11:25:13,194 DEBUG [main] com.arondor.common.reflection.parser.java.JavaAccessibleClassParser:182 - Method : updateStat, return=void (exposable=true), args=1, declaringClass=com.arondor.common.management.statistics.Statistics
2019-07-02 11:25:13,194 DEBUG [main] com.arondor.common.reflection.parser.java.JavaAccessibleClassParser:182 - Method : updateStat, return=void (exposable=true), args=2, declaringClass=com.arondor.common.management.statistics.Statistics
2019-07-02 11:25:13,195 DEBUG [main] com.arondor.common.reflection.parser.java.JavaAccessibleClassParser:182 - Method : prettyPrint, return=java.lang.String (exposable=true), args=1, declaringClass=com.arondor.common.management.statistics.Statistics
2019-07-02 11:25:13,195 DEBUG [main] com.arondor.common.reflection.parser.java.JavaAccessibleClassParser:182 - Method : showStatistics, return=void (exposable=true), args=0, declaringClass=com.arondor.common.management.statistics.Statistics
2019-07-02 11:25:13,195 DEBUG [main] com.arondor.common.reflection.parser.java.JavaAccessibleClassParser:182 - Method : getRunningTime, return=java.lang.Long (exposable=true), args=0, declaringClass=com.arondor.common.management.statistics.Statistics
2019-07-02 11:25:13,196 DEBUG [main] com.arondor.common.reflection.parser.java.JavaAccessibleClassParser:344 - New exposed attribute (R) : runningTime
2019-07-02 11:25:13,196 DEBUG [main] com.arondor.common.reflection.parser.java.JavaAccessibleClassParser:182 - Method : startStatThread, return=void (exposable=true), args=1, declaringClass=com.arondor.common.management.statistics.Statistics
2019-07-02 11:25:13,196 DEBUG [main] com.arondor.common.reflection.parser.java.JavaAccessibleClassParser:182 - Method : stopStatThread, return=void (exposable=true), args=0, declaringClass=com.arondor.common.management.statistics.Statistics
2019-07-02 11:25:13,197 DEBUG [main] com.arondor.common.reflection.parser.java.JavaAccessibleClassParser:182 - Method : stopStatistics, return=void (exposable=true), args=0, declaringClass=com.arondor.common.management.statistics.Statistics
2019-07-02 11:25:13,197 DEBUG [main] com.arondor.common.reflection.parser.java.JavaAccessibleClassParser:182 - Method : invoke, return=java.lang.Object (exposable=true), args=3, declaringClass=com.arondor.common.management.mbean.MBeanObject
2019-07-02 11:25:13,197 DEBUG [main] com.arondor.common.reflection.parser.java.JavaAccessibleClassParser:182 - Method : finalize, return=void (exposable=true), args=0, declaringClass=com.arondor.common.management.mbean.MBeanObject
2019-07-02 11:25:13,197 DEBUG [main] com.arondor.common.reflection.parser.java.JavaAccessibleClassParser:182 - Method : getAttributes, return=javax.management.AttributeList (exposable=false), args=1, declaringClass=com.arondor.common.management.mbean.MBeanObject
2019-07-02 11:25:13,197 DEBUG [main] com.arondor.common.reflection.parser.java.JavaAccessibleClassParser:238 - Skipping method :getAttributes, modifiers=public
2019-07-02 11:25:13,198 DEBUG [main] com.arondor.common.reflection.parser.java.JavaAccessibleClassParser:182 - Method : getAttribute, return=java.lang.Object (exposable=true), args=1, declaringClass=com.arondor.common.management.mbean.MBeanObject
2019-07-02 11:25:13,198 DEBUG [main] com.arondor.common.reflection.parser.java.JavaAccessibleClassParser:182 - Method : getMBeanInfo, return=javax.management.MBeanInfo (exposable=false), args=0, declaringClass=com.arondor.common.management.mbean.MBeanObject
2019-07-02 11:25:13,198 DEBUG [main] com.arondor.common.reflection.parser.java.JavaAccessibleClassParser:238 - Skipping method :getMBeanInfo, modifiers=public
2019-07-02 11:25:13,198 DEBUG [main] com.arondor.common.reflection.parser.java.JavaAccessibleClassParser:182 - Method : setAttribute, return=void (exposable=true), args=1, declaringClass=com.arondor.common.management.mbean.MBeanObject
2019-07-02 11:25:13,198 DEBUG [main] com.arondor.common.reflection.parser.java.JavaAccessibleClassParser:238 - Skipping method :setAttribute, modifiers=public
2019-07-02 11:25:13,199 DEBUG [main] com.arondor.common.reflection.parser.java.JavaAccessibleClassParser:182 - Method : setAttributes, return=javax.management.AttributeList (exposable=false), args=1, declaringClass=com.arondor.common.management.mbean.MBeanObject
2019-07-02 11:25:13,199 DEBUG [main] com.arondor.common.reflection.parser.java.JavaAccessibleClassParser:238 - Skipping method :setAttributes, modifiers=public
2019-07-02 11:25:13,199 DEBUG [main] com.arondor.common.reflection.parser.java.JavaAccessibleClassParser:182 - Method : wait, return=void (exposable=true), args=0, declaringClass=java.lang.Object
2019-07-02 11:25:13,199 DEBUG [main] com.arondor.common.reflection.parser.java.JavaAccessibleClassParser:182 - Method : wait, return=void (exposable=true), args=2, declaringClass=java.lang.Object
2019-07-02 11:25:13,199 DEBUG [main] com.arondor.common.reflection.parser.java.JavaAccessibleClassParser:182 - Method : wait, return=void (exposable=true), args=1, declaringClass=java.lang.Object
2019-07-02 11:25:13,200 DEBUG [main] com.arondor.common.reflection.parser.java.JavaAccessibleClassParser:182 - Method : equals, return=boolean (exposable=true), args=1, declaringClass=java.lang.Object
2019-07-02 11:25:13,200 DEBUG [main] com.arondor.common.reflection.parser.java.JavaAccessibleClassParser:182 - Method : toString, return=java.lang.String (exposable=true), args=0, declaringClass=java.lang.Object
2019-07-02 11:25:13,200 DEBUG [main] com.arondor.common.reflection.parser.java.JavaAccessibleClassParser:182 - Method : hashCode, return=int (exposable=true), args=0, declaringClass=java.lang.Object
2019-07-02 11:25:13,200 DEBUG [main] com.arondor.common.reflection.parser.java.JavaAccessibleClassParser:182 - Method : getClass, return=java.lang.Class (exposable=true), args=0, declaringClass=java.lang.Object
2019-07-02 11:25:13,200 DEBUG [main] com.arondor.common.reflection.parser.java.JavaAccessibleClassParser:182 - Method : notify, return=void (exposable=true), args=0, declaringClass=java.lang.Object
2019-07-02 11:25:13,201 DEBUG [main] com.arondor.common.reflection.parser.java.JavaAccessibleClassParser:182 - Method : notifyAll, return=void (exposable=true), args=0, declaringClass=java.lang.Object
2019-07-02 11:25:13,201 DEBUG [main] com.arondor.common.reflection.parser.java.JavaAccessibleClassParser:456 - Could not fetch field 'runningTimeStr' from class com.arondor.common.management.statistics.Statistics
2019-07-02 11:25:13,201 DEBUG [main] com.arondor.common.reflection.parser.java.JavaAccessibleClassParser:456 - Could not fetch field 'runningTimeStr' from class com.arondor.common.management.mbean.MBeanObject
2019-07-02 11:25:13,202 DEBUG [main] com.arondor.common.reflection.parser.java.JavaAccessibleClassParser:456 - Could not fetch field 'runningTimeStr' from class java.lang.Object
2019-07-02 11:25:13,202 DEBUG [main] com.arondor.common.reflection.parser.java.JavaAccessibleClassParser:456 - Could not fetch field 'runningTime' from class com.arondor.common.management.statistics.Statistics
2019-07-02 11:25:13,202 DEBUG [main] com.arondor.common.reflection.parser.java.JavaAccessibleClassParser:456 - Could not fetch field 'runningTime' from class com.arondor.common.management.mbean.MBeanObject
2019-07-02 11:25:13,202 DEBUG [main] com.arondor.common.reflection.parser.java.JavaAccessibleClassParser:456 - Could not fetch field 'runningTime' from class java.lang.Object
2019-07-02 11:25:13,204 INFO [main] com.arondor.common.management.mbean.MBeanObjectHelper:163 - Registered : 'com.arondor.common.management.statistics.Statistics:type=Statistics'
2019-07-02 11:25:13,208 DEBUG [main] com.arondor.common.management.mbean.MBeanObjectHelper:81 - Building MBeanInfo : com.arondor.fast2p8.samples.task.CustomerIdTask
2019-07-02 11:25:13,208 DEBUG [main] com.arondor.common.reflection.parser.java.JavaAccessibleClassParser:382 - Parsing accessible class : com.arondor.fast2p8.samples.task.CustomerIdTask
2019-07-02 11:25:13,210 DEBUG [main] com.arondor.common.reflection.parser.java.JavaAccessibleClassParser:182 - Method : runTask, return=boolean (exposable=true), args=1, declaringClass=com.arondor.fast2p8.samples.task.CustomerIdTask
2019-07-02 11:25:13,210 DEBUG [main] com.arondor.common.reflection.parser.java.JavaAccessibleClassParser:182 - Method : getName, return=java.lang.String (exposable=true), args=0, declaringClass=com.arondor.fast2p8.task.common.BasicTask
2019-07-02 11:25:13,211 DEBUG [main] com.arondor.common.reflection.parser.java.JavaAccessibleClassParser:344 - New exposed attribute (R) : name
2019-07-02 11:25:13,211 DEBUG [main] com.arondor.common.reflection.parser.java.JavaAccessibleClassParser:182 - Method : setName, return=void (exposable=true), args=1, declaringClass=com.arondor.fast2p8.task.common.BasicTask
2019-07-02 11:25:13,211 DEBUG [main] com.arondor.common.reflection.parser.java.JavaAccessibleClassParser:264 - Setting field name : type=class java.lang.String
2019-07-02 11:25:13,211 DEBUG [main] com.arondor.common.reflection.parser.java.JavaAccessibleClassParser:283 - Setting field name : genericTypes=[]
2019-07-02 11:25:13,211 DEBUG [main] com.arondor.common.reflection.parser.java.JavaAccessibleClassParser:182 - Method : setManager, return=void (exposable=true), args=1, declaringClass=com.arondor.fast2p8.task.common.BasicTask
2019-07-02 11:25:13,211 DEBUG [main] com.arondor.common.reflection.parser.java.JavaAccessibleClassParser:344 - New exposed attribute (R) : manager
2019-07-02 11:25:13,212 DEBUG [main] com.arondor.common.reflection.parser.java.JavaAccessibleClassParser:264 - Setting field manager : type=interface com.arondor.fast2p8.model.manager.Manager
2019-07-02 11:25:13,212 DEBUG [main] com.arondor.common.reflection.parser.java.JavaAccessibleClassParser:283 - Setting field manager : genericTypes=[]
2019-07-02 11:25:13,212 DEBUG [main] com.arondor.common.reflection.parser.java.JavaAccessibleClassParser:182 - Method : updateStatInfo, return=void (exposable=true), args=1, declaringClass=com.arondor.fast2p8.task.common.BasicTask
2019-07-02 11:25:13,212 DEBUG [main] com.arondor.common.reflection.parser.java.JavaAccessibleClassParser:182 - Method : getNamingScheme, return=com.arondor.fast2p8.model.namingscheme.NamingScheme (exposable=true), args=0, declaringClass=com.arondor.fast2p8.task.common.BasicTask
2019-07-02 11:25:13,212 DEBUG [main] com.arondor.common.reflection.parser.java.JavaAccessibleClassParser:344 - New exposed attribute (R) : namingScheme
2019-07-02 11:25:13,212 DEBUG [main] com.arondor.common.reflection.parser.java.JavaAccessibleClassParser:182 - Method : getOwnNamingScheme, return=com.arondor.fast2p8.model.namingscheme.NamingScheme (exposable=true), args=0, declaringClass=com.arondor.fast2p8.task.common.BasicTask
2019-07-02 11:25:13,212 DEBUG [main] com.arondor.common.reflection.parser.java.JavaAccessibleClassParser:344 - New exposed attribute (R) : ownNamingScheme
2019-07-02 11:25:13,212 DEBUG [main] com.arondor.common.reflection.parser.java.JavaAccessibleClassParser:182 - Method : setOwnNamingScheme, return=void (exposable=true), args=1, declaringClass=com.arondor.fast2p8.task.common.BasicTask
2019-07-02 11:25:13,212 DEBUG [main] com.arondor.common.reflection.parser.java.JavaAccessibleClassParser:264 - Setting field ownNamingScheme : type=interface com.arondor.fast2p8.model.namingscheme.NamingScheme
2019-07-02 11:25:13,213 DEBUG [main] com.arondor.common.reflection.parser.java.JavaAccessibleClassParser:283 - Setting field ownNamingScheme : genericTypes=[]
2019-07-02 11:25:13,213 DEBUG [main] com.arondor.common.reflection.parser.java.JavaAccessibleClassParser:182 - Method : removeTaskProperty, return=void (exposable=true), args=1, declaringClass=com.arondor.fast2p8.task.common.BasicTask
2019-07-02 11:25:13,213 DEBUG [main] com.arondor.common.reflection.parser.java.JavaAccessibleClassParser:182 - Method : getManager, return=com.arondor.fast2p8.model.manager.Manager (exposable=true), args=0, declaringClass=com.arondor.fast2p8.task.common.BasicTask
2019-07-02 11:25:13,213 DEBUG [main] com.arondor.common.reflection.parser.java.JavaAccessibleClassParser:182 - Method : setTaskProperty, return=void (exposable=true), args=2, declaringClass=com.arondor.fast2p8.task.common.BasicTask
2019-07-02 11:25:13,213 DEBUG [main] com.arondor.common.reflection.parser.java.JavaAccessibleClassParser:182 - Method : finishTask, return=void (exposable=true), args=0, declaringClass=com.arondor.fast2p8.task.common.BasicTask
2019-07-02 11:25:13,217 DEBUG [main] com.arondor.common.reflection.parser.java.JavaAccessibleClassParser:182 - Method : invoke, return=java.lang.Object (exposable=true), args=3, declaringClass=com.arondor.common.management.mbean.MBeanObject
2019-07-02 11:25:13,217 DEBUG [main] com.arondor.common.reflection.parser.java.JavaAccessibleClassParser:182 - Method : finalize, return=void (exposable=true), args=0, declaringClass=com.arondor.common.management.mbean.MBeanObject
2019-07-02 11:25:13,217 DEBUG [main] com.arondor.common.reflection.parser.java.JavaAccessibleClassParser:182 - Method : getAttributes, return=javax.management.AttributeList (exposable=false), args=1, declaringClass=com.arondor.common.management.mbean.MBeanObject
2019-07-02 11:25:13,217 DEBUG [main] com.arondor.common.reflection.parser.java.JavaAccessibleClassParser:238 - Skipping method :getAttributes, modifiers=public
2019-07-02 11:25:13,218 DEBUG [main] com.arondor.common.reflection.parser.java.JavaAccessibleClassParser:182 - Method : getAttribute, return=java.lang.Object (exposable=true), args=1, declaringClass=com.arondor.common.management.mbean.MBeanObject
2019-07-02 11:25:13,218 DEBUG [main] com.arondor.common.reflection.parser.java.JavaAccessibleClassParser:182 - Method : getMBeanInfo, return=javax.management.MBeanInfo (exposable=false), args=0, declaringClass=com.arondor.common.management.mbean.MBeanObject
2019-07-02 11:25:13,218 DEBUG [main] com.arondor.common.reflection.parser.java.JavaAccessibleClassParser:238 - Skipping method :getMBeanInfo, modifiers=public
2019-07-02 11:25:13,218 DEBUG [main] com.arondor.common.reflection.parser.java.JavaAccessibleClassParser:182 - Method : setAttribute, return=void (exposable=true), args=1, declaringClass=com.arondor.common.management.mbean.MBeanObject
2019-07-02 11:25:13,218 DEBUG [main] com.arondor.common.reflection.parser.java.JavaAccessibleClassParser:238 - Skipping method :setAttribute, modifiers=public
2019-07-02 11:25:13,218 DEBUG [main] com.arondor.common.reflection.parser.java.JavaAccessibleClassParser:182 - Method : setAttributes, return=javax.management.AttributeList (exposable=false), args=1, declaringClass=com.arondor.common.management.mbean.MBeanObject
2019-07-02 11:25:13,218 DEBUG [main] com.arondor.common.reflection.parser.java.JavaAccessibleClassParser:238 - Skipping method :setAttributes, modifiers=public
2019-07-02 11:25:13,219 DEBUG [main] com.arondor.common.reflection.parser.java.JavaAccessibleClassParser:182 - Method : wait, return=void (exposable=true), args=0, declaringClass=java.lang.Object
2019-07-02 11:25:13,219 DEBUG [main] com.arondor.common.reflection.parser.java.JavaAccessibleClassParser:182 - Method : wait, return=void (exposable=true), args=2, declaringClass=java.lang.Object
2019-07-02 11:25:13,219 DEBUG [main] com.arondor.common.reflection.parser.java.JavaAccessibleClassParser:182 - Method : wait, return=void (exposable=true), args=1, declaringClass=java.lang.Object
2019-07-02 11:25:13,219 DEBUG [main] com.arondor.common.reflection.parser.java.JavaAccessibleClassParser:182 - Method : equals, return=boolean (exposable=true), args=1, declaringClass=java.lang.Object
2019-07-02 11:25:13,219 DEBUG [main] com.arondor.common.reflection.parser.java.JavaAccessibleClassParser:182 - Method : toString, return=java.lang.String (exposable=true), args=0, declaringClass=java.lang.Object
2019-07-02 11:25:13,219 DEBUG [main] com.arondor.common.reflection.parser.java.JavaAccessibleClassParser:182 - Method : hashCode, return=int (exposable=true), args=0, declaringClass=java.lang.Object
2019-07-02 11:25:13,219 DEBUG [main] com.arondor.common.reflection.parser.java.JavaAccessibleClassParser:182 - Method : getClass, return=java.lang.Class (exposable=true), args=0, declaringClass=java.lang.Object
2019-07-02 11:25:13,219 DEBUG [main] com.arondor.common.reflection.parser.java.JavaAccessibleClassParser:182 - Method : notify, return=void (exposable=true), args=0, declaringClass=java.lang.Object
2019-07-02 11:25:13,219 DEBUG [main] com.arondor.common.reflection.parser.java.JavaAccessibleClassParser:182 - Method : notifyAll, return=void (exposable=true), args=0, declaringClass=java.lang.Object
2019-07-02 11:25:13,219 DEBUG [main] com.arondor.common.reflection.parser.java.JavaAccessibleClassParser:456 - Could not fetch field 'namingScheme' from class com.arondor.fast2p8.samples.task.CustomerIdTask
2019-07-02 11:25:13,220 DEBUG [main] com.arondor.common.reflection.parser.java.JavaAccessibleClassParser:456 - Could not fetch field 'namingScheme' from class com.arondor.fast2p8.task.common.BasicTask
2019-07-02 11:25:13,220 DEBUG [main] com.arondor.common.reflection.parser.java.JavaAccessibleClassParser:456 - Could not fetch field 'namingScheme' from class com.arondor.common.management.mbean.MBeanObject
2019-07-02 11:25:13,220 DEBUG [main] com.arondor.common.reflection.parser.java.JavaAccessibleClassParser:456 - Could not fetch field 'namingScheme' from class java.lang.Object
2019-07-02 11:25:13,220 DEBUG [main] com.arondor.common.reflection.parser.java.JavaAccessibleClassParser:456 - Could not fetch field 'ownNamingScheme' from class com.arondor.fast2p8.samples.task.CustomerIdTask
2019-07-02 11:25:13,220 DEBUG [main] com.arondor.common.reflection.parser.java.JavaAccessibleClassParser:456 - Could not fetch field 'manager' from class com.arondor.fast2p8.samples.task.CustomerIdTask
2019-07-02 11:25:13,220 DEBUG [main] com.arondor.common.reflection.parser.java.JavaAccessibleClassParser:456 - Could not fetch field 'name' from class com.arondor.fast2p8.samples.task.CustomerIdTask
2019-07-02 11:25:13,220 INFO [main] com.arondor.common.management.mbean.MBeanObjectHelper:163 - Registered : 'com.arondor.fast2p8.samples.task.CustomerIdTask:type=task#1654589030#TaskConfiguration'
2019-07-02 11:25:13,237 INFO [main] com.arondor.common.management.mbean.MBeanObjectHelper:163 - Registered : 'com.arondor.fast2p8.samples.task.CustomerIdTask:type=task#627185331#TaskConfiguration'
2019-07-02 11:25:34,779 INFO [main] com.arondor.common.management.mbean.MBeanObjectHelper:163 - Registered : 'com.arondor.common.management.statistics.Statistics:type=Statistics'
2019-07-02 11:25:34,788 INFO [main] com.arondor.common.management.mbean.MBeanObjectHelper:163 - Registered : 'com.arondor.fast2p8.samples.task.CustomerIdTask:type=task#1205044462#TaskConfiguration'
2019-07-02 11:25:34,808 INFO [main] com.arondor.common.management.mbean.MBeanObjectHelper:163 - Registered : 'com.arondor.fast2p8.samples.task.CustomerIdTask:type=task#896681694#TaskConfiguration'
